
Session Start: Mon Dec 29 13:19:35 2014
Session Ident: jtv
[13:19] Session Ident: jtv (tmi.twitch.tv, whitericebot) (jtv@jtv.tmi.twitch.tv)
[13:19] <jtv> HISTORYEND umidah
Session Time: Tue Dec 30 00:00:00 2014
[00:24] <jtv> HISTORYEND umidah
Session Close: Tue Dec 30 00:25:44 2014

Session Start: Tue Dec 30 13:14:13 2014
Session Ident: jtv
[13:14] Session Ident: jtv (tmi.twitch.tv, whitericebot) (jtv@jtv.tmi.twitch.tv)
[13:14] <jtv> HISTORYEND umidah
Session Time: Wed Dec 31 00:00:00 2014
Session Time: Thu Jan 01 00:00:00 2015
Session Time: Fri Jan 02 00:00:00 2015
Session Close: Fri Jan 02 01:37:55 2015

Session Start: Fri Jan 02 01:38:01 2015
Session Ident: jtv
[01:38] Session Ident: jtv (tmi.twitch.tv, whitericebot) (jtv@jtv.tmi.twitch.tv)
[01:38] <jtv> HISTORYEND umidah
Session Time: Sat Jan 03 00:00:00 2015
Session Close: Sat Jan 03 22:20:43 2015

Session Start: Sun Jan 04 11:57:43 2015
Session Ident: jtv
[11:57] Session Ident: jtv (tmi.twitch.tv, whitericebot) (jtv@jtv.tmi.twitch.tv)
[11:57] <jtv> HISTORYEND umidah
Session Time: Mon Jan 05 00:00:00 2015
Session Time: Tue Jan 06 00:00:00 2015
[05:16] <jtv> HISTORYEND umidah
Session Time: Wed Jan 07 00:00:00 2015
Session Close: Wed Jan 07 16:58:22 2015

Session Start: Wed Feb 18 20:01:12 2015
Session Ident: jtv
[20:01] Session Ident: jtv (tmi.twitch.tv, whitericebot) (jtv@jtv.tmi.twitch.tv)
[20:01] <jtv> Your message was not sent because it is identical to the previous one you sent, less than 30 seconds ago.
Session Close: Wed Feb 18 20:01:27 2015

Session Start: Fri May 22 19:00:46 2015
Session Ident: jtv
[19:00] Session Ident: jtv (tmi.twitch.tv, whitericebot) (jtv@jtv.tmi.twitch.tv)
[19:00] <jtv> Unrecognized command: /addauth
[19:01] <jtv> Unrecognized command: /addauth
Session Close: Fri May 22 19:02:18 2015

Session Start: Sat Jun 13 23:55:44 2015
Session Ident: jtv
[23:55] Session Ident: jtv (tmi.twitch.tv, whitericebot) (jtv@jtv.tmi.twitch.tv)
[23:55] <jtv> You are banned from talking in umidah for 3551 more seconds.
[23:56] <jtv> You are banned from talking in umidah for 3531 more seconds.
[23:56] <jtv> You are banned from talking in umidah for 3531 more seconds.
[23:56] <jtv> You are banned from talking in umidah for 3503 more seconds.
[23:57] <jtv> You are banned from talking in umidah for 3463 more seconds.
[23:57] <jtv> You are banned from talking in umidah for 3463 more seconds.
[23:57] <jtv> You are banned from talking in umidah for 3434 more seconds.
[23:57] <jtv> You are banned from talking in umidah for 3423 more seconds.
Session Time: Sun Jun 14 00:00:00 2015
[00:01] <jtv> You are banned from talking in umidah for 3180 more seconds.
[00:02] <jtv> You are banned from talking in umidah for 3127 more seconds.
[00:02] <jtv> You are banned from talking in umidah for 3117 more seconds.
[00:03] <jtv> You are banned from talking in umidah for 3113 more seconds.
[00:03] <jtv> You are banned from talking in umidah for 3063 more seconds.
[00:05] <jtv> You are banned from talking in umidah for 2969 more seconds.
[00:05] <jtv> You are banned from talking in umidah for 2939 more seconds.
[00:06] <jtv> You are banned from talking in umidah for 2929 more seconds.
[00:06] <jtv> You are banned from talking in umidah for 2904 more seconds.
[00:06] <jtv> You are banned from talking in umidah for 2890 more seconds.
[00:06] <jtv> You are banned from talking in umidah for 2890 more seconds.
[00:06] <jtv> You are banned from talking in umidah for 2890 more seconds.
[00:08] <jtv> You are banned from talking in umidah for 2799 more seconds.
[00:08] <jtv> You are banned from talking in umidah for 2768 more seconds.
[00:09] <jtv> You are banned from talking in umidah for 2713 more seconds.
[00:09] <jtv> You are banned from talking in umidah for 2704 more seconds.
[00:09] <jtv> You are banned from talking in umidah for 2700 more seconds.
[00:10] <jtv> You are banned from talking in umidah for 2689 more seconds.
[00:10] <jtv> You are banned from talking in umidah for 2656 more seconds.
[00:10] <jtv> You are banned from talking in umidah for 2643 more seconds.
[00:10] <jtv> You are banned from talking in umidah for 2638 more seconds.
[00:11] <jtv> You are banned from talking in umidah for 2628 more seconds.
[00:11] <jtv> You are banned from talking in umidah for 2598 more seconds.
[00:11] <jtv> You are banned from talking in umidah for 2597 more seconds.
[00:12] <jtv> You are banned from talking in umidah for 2553 more seconds.
[00:12] <jtv> You are banned from talking in umidah for 2552 more seconds.
[00:12] <jtv> You are banned from talking in umidah for 2545 more seconds.
[00:12] <jtv> You are banned from talking in umidah for 2533 more seconds.
[00:13] <jtv> You are banned from talking in umidah for 2483 more seconds.
[00:13] <jtv> You are banned from talking in umidah for 2469 more seconds.
[00:13] <jtv> Your message was not sent because you are sending messages too quickly.
[00:14] <jtv> Your message was not sent because you are sending messages too quickly.
[00:14] <jtv> Your message was not sent because you are sending messages too quickly.
Session Close: Sun Jun 14 00:17:05 2015

Session Start: Wed Jun 17 17:30:12 2015
Session Ident: jtv
[17:30] Session Ident: jtv (tmi.twitch.tv, whitericebot) (jtv@jtv.tmi.twitch.tv)
[17:30] <jtv> Unrecognized command: /w
Session Close: Wed Jun 17 19:22:11 2015

Session Start: Sun Jun 21 23:19:17 2015
Session Ident: jtv
[23:19] Session Ident: jtv (tmi.twitch.tv, whitericebot) (jtv@jtv.tmi.twitch.tv)
[23:19] <jtv> Vmehep4vp has been timed out for 1 seconds.
[23:29] <jtv> H4tavsav has been timed out for 1 seconds.
[23:41] <jtv> Nonz4zvi has been timed out for 1 seconds.
Session Time: Mon Jun 22 00:00:00 2015

Session Start: Tue Jun 23 21:24:52 2015
Session Ident: jtv
[21:24] Session Ident: jtv (tmi.twitch.tv, whitericebot) (jtv@jtv.tmi.twitch.tv)
[21:24] <jtv> Gnabokla has been timed out for 100 seconds.
[21:38] <jtv> Gmupilun has been timed out for 100 seconds.
[21:53] <jtv> Svuzk1bi has been timed out for 100 seconds.
[22:08] <jtv> Ghul6ivf has been timed out for 100 seconds.
[22:24] <jtv> 6eptinen has been timed out for 100 seconds.
[22:38] <jtv> Mpet6atug has been timed out for 100 seconds.
[22:53] <jtv> Pvikgik1e has been timed out for 100 seconds.
[23:09] <jtv> Fubumh4pi has been timed out for 100 seconds.
[23:24] <jtv> P1tfobitv has been timed out for 100 seconds.
[23:37] <jtv> Hg4tadesg has been timed out for 100 seconds.
[23:52] <jtv> Be6misipi has been timed out for 100 seconds.
Session Time: Wed Jun 24 00:00:00 2015
Session Close: Wed Jun 24 03:29:10 2015
